<?xml version="1.0" encoding="UTF-8"?>
<!-- Generated by org.testng.reporters.JUnitReportReporter -->
<testsuite hostname="DESKTOP-RQVJNMI" failures="0" tests="1" name="testcases.LoginTest" time="11.992" errors="0" timestamp="2023-11-23T16:09:38 IST" skipped="0">
  <testcase classname="testcases.LoginTest" name="logintest" time="11.992"/>
</testsuite> <!-- testcases.LoginTest -->
