<?xml version="1.0" encoding="UTF-8"?>
<!-- Generated by org.testng.reporters.JUnitReportReporter -->
<testsuite hostname="DESKTOP-RQVJNMI" failures="0" tests="1" name="testcases.LoginTest_002" time="6.690" errors="0" timestamp="2023-11-21T17:05:38 IST" skipped="0">
  <testcase classname="testcases.LoginTest_002" name="logintest" time="6.690"/>
</testsuite> <!-- testcases.LoginTest_002 -->
